\BOOKMARK [1][-]{section.1}{\376\377\230\230\166\356\164\006\211\343}{}% 1
\BOOKMARK [1][-]{section.2}{\376\377\145\057\143\001\124\021\221\317\147\072\123\237\164\006\226\020\217\360}{}% 2
\BOOKMARK [2][-]{subsection.2.1}{\376\377\225\364\226\224\116\016\145\057\143\001\124\021\221\317}{section.2}% 3
\BOOKMARK [2][-]{subsection.2.2}{\376\377\133\371\120\166\225\356\230\230}{section.2}% 4
\BOOKMARK [2][-]{subsection.2.3}{\376\377\150\070\121\375\145\160}{section.2}% 5
\BOOKMARK [2][-]{subsection.2.4}{\376\377\217\157\225\364\226\224}{section.2}% 6
\BOOKMARK [1][-]{section.3}{\376\377\173\227\154\325\213\276\213\241\140\035\215\357}{}% 7
\BOOKMARK [2][-]{subsection.3.1}{\376\377\133\371\120\166\225\356\230\230\217\154\123\026}{section.3}% 8
\BOOKMARK [2][-]{subsection.3.2}{\376\377\000S\000M\000O\173\227\154\325}{section.3}% 9
\BOOKMARK [3][-]{subsubsection.3.2.1}{\376\377\127\372\147\054\140\035\140\363}{subsection.3.2}% 10
\BOOKMARK [3][-]{subsubsection.3.2.2}{\376\377\123\125\123\330\221\317\145\340\176\246\147\137\217\355\116\343}{subsection.3.2}% 11
\BOOKMARK [3][-]{subsubsection.3.2.3}{\376\377\117\356\122\152\000\040\0002\000u\000n\000c\000l\000i\000p\000p\000e\000d}{subsection.3.2}% 12
\BOOKMARK [3][-]{subsubsection.3.2.4}{\376\377\213\241\173\227\000\040\0001\000n\000e\000w}{subsection.3.2}% 13
\BOOKMARK [3][-]{subsubsection.3.2.5}{\376\377\213\241\173\227\000\040\000b\000n\000e\000w}{subsection.3.2}% 14
\BOOKMARK [3][-]{subsubsection.3.2.6}{\376\377\124\057\123\321\137\017\220\011\142\351}{subsection.3.2}% 15
\BOOKMARK [2][-]{subsection.3.3}{\376\377\173\227\154\325\155\101\172\013\140\073\176\323}{section.3}% 16
\BOOKMARK [1][-]{section.4}{\376\377\150\070\137\303\116\343\170\001\122\006\147\220}{}% 17
\BOOKMARK [2][-]{subsection.4.1}{\376\377\145\160\143\156\133\232\116\111}{section.4}% 18
\BOOKMARK [2][-]{subsection.4.2}{\376\377\133\232\116\111\150\070\121\375\145\160\000\040}{section.4}% 19
\BOOKMARK [2][-]{subsection.4.3}{\376\377\117\356\122\152\144\315\117\134}{section.4}% 20
\BOOKMARK [2][-]{subsection.4.4}{\376\377\000S\000M\000O\217\307\172\013}{section.4}% 21
\BOOKMARK [2][-]{subsection.4.5}{\376\377\176\323\147\234\230\204\155\113}{section.4}% 22
\BOOKMARK [1][-]{section.5}{\376\377\133\236\232\214\176\323\147\234\116\016\122\006\147\220}{}% 23
\BOOKMARK [1][-]{section.6}{\376\377\133\146\116\140\145\066\203\267}{}% 24
\BOOKMARK [1][-]{section.7}{\376\377\123\302\200\003\215\104\145\231}{}% 25
