\BOOKMARK [1][-]{section.1}{\376\377\116\140\230\230\0001}{}% 1
\BOOKMARK [2][-]{subsection.1.1}{\376\377\177\026\172\013\230\230\166\356\164\006\211\343}{section.1}% 2
\BOOKMARK [2][-]{subsection.1.2}{\376\377\121\263\173\126\150\021\152\041\127\213\123\237\164\006\226\020\217\360}{section.1}% 3
\BOOKMARK [3][-]{subsubsection.1.2.1}{\376\377\121\263\173\126\150\021\147\204\136\372\217\307\172\013}{subsection.1.2}% 4
\BOOKMARK [3][-]{subsubsection.1.2.2}{\376\377\122\022\122\006\220\011\142\351}{subsection.1.2}% 5
\BOOKMARK [3][-]{subsubsection.1.2.3}{\376\377\122\152\147\235\131\004\164\006}{subsection.1.2}% 6
\BOOKMARK [3][-]{subsubsection.1.2.4}{\376\377\131\032\123\330\221\317\121\263\173\126\150\021}{subsection.1.2}% 7
\BOOKMARK [2][-]{subsection.1.3}{\376\377\173\227\154\325\213\276\213\241\140\035\215\357}{section.1}% 8
\BOOKMARK [3][-]{subsubsection.1.3.1}{\376\377\145\160\143\156\176\323\147\204\213\276\213\241}{subsection.1.3}% 9
\BOOKMARK [3][-]{subsubsection.1.3.2}{\376\377\136\372\150\021\217\307\172\013}{subsection.1.3}% 10
\BOOKMARK [3][-]{subsubsection.1.3.3}{\376\377\131\032\123\330\221\317\121\263\173\126\150\021}{subsection.1.3}% 11
\BOOKMARK [3][-]{subsubsection.1.3.4}{\376\377\230\204\155\113\145\271\154\325}{subsection.1.3}% 12
\BOOKMARK [3][-]{subsubsection.1.3.5}{\376\377\230\204\122\152\147\235}{subsection.1.3}% 13
\BOOKMARK [3][-]{subsubsection.1.3.6}{\376\377\124\016\122\152\147\235}{subsection.1.3}% 14
\BOOKMARK [2][-]{subsection.1.4}{\376\377\150\070\137\303\116\343\170\001\213\346\211\343}{section.1}% 15
\BOOKMARK [3][-]{subsubsection.1.4.1}{\376\377\121\375\145\160\173\200\116\313}{subsection.1.4}% 16
\BOOKMARK [3][-]{subsubsection.1.4.2}{\376\377\145\160\143\156\213\373\123\326}{subsection.1.4}% 17
\BOOKMARK [3][-]{subsubsection.1.4.3}{\376\377\121\263\173\126\150\021\133\146\116\140}{subsection.1.4}% 18
\BOOKMARK [3][-]{subsubsection.1.4.4}{\376\377\131\032\123\330\221\317\121\263\173\126\150\021}{subsection.1.4}% 19
\BOOKMARK [3][-]{subsubsection.1.4.5}{\376\377\230\204\122\152\147\235}{subsection.1.4}% 20
\BOOKMARK [3][-]{subsubsection.1.4.6}{\376\377\124\016\122\152\147\235}{subsection.1.4}% 21
\BOOKMARK [2][-]{subsection.1.5}{\376\377\133\236\232\214\176\323\147\234\122\006\147\220}{section.1}% 22
\BOOKMARK [2][-]{subsection.1.6}{\376\377\133\146\116\140\145\066\203\267}{section.1}% 23
\BOOKMARK [2][-]{subsection.1.7}{\376\377\123\302\200\003\215\104\145\231}{section.1}% 24
\BOOKMARK [1][-]{section.2}{\376\377\116\140\230\230\0002}{}% 25
\BOOKMARK [2][-]{subsection.2.1}{\376\377\177\026\172\013\230\230\166\356\164\006\211\343}{section.2}% 26
\BOOKMARK [2][-]{subsection.2.2}{\376\377\173\227\154\325\213\276\213\241\140\035\215\357}{section.2}% 27
\BOOKMARK [2][-]{subsection.2.3}{\376\377\150\070\137\303\116\343\170\001\122\006\147\220}{section.2}% 28
\BOOKMARK [2][-]{subsection.2.4}{\376\377\133\236\232\214\176\323\147\234}{section.2}% 29
\BOOKMARK [2][-]{subsection.2.5}{\376\377\133\146\116\140\145\066\203\267}{section.2}% 30
\BOOKMARK [1][-]{section.3}{\376\377\116\140\230\230\0003}{}% 31
\BOOKMARK [2][-]{subsection.3.1}{\376\377\177\026\172\013\230\230\166\356\164\006\211\343}{section.3}% 32
\BOOKMARK [2][-]{subsection.3.2}{\376\377\173\227\154\325\213\276\213\241\140\035\215\357}{section.3}% 33
\BOOKMARK [2][-]{subsection.3.3}{\376\377\150\070\137\303\116\343\170\001}{section.3}% 34
\BOOKMARK [2][-]{subsection.3.4}{\376\377\133\236\232\214\176\323\147\234\122\006\147\220}{section.3}% 35
\BOOKMARK [2][-]{subsection.3.5}{\376\377\133\146\116\140\145\066\203\267}{section.3}% 36
